20../fotos/zoom/aitor_luna.jpg ha sido subida.
21../fotos/zoom/aitor_luna.jpg ha sido subida.
21../fotos/zoom/aitor_luna.jpg ha sido subida.
21../fotos/alex-gonzalez.jpg ha sido subida.
21../fotos/zoom/aitor_luna.jpg ha sido subida.
21../fotos/alex-gonzalez.jpg ha sido subida.
21../fotos/zoom/aitor_luna.jpg ha sido subida.
21../fotos/assumpta-serna.jpg ha sido subida.
21../fotos/zoom/aitana-sanchezgijon.jpg ha sido subida.
21../fotos/aitor_luna.jpg ha sido subida.
21../fotos/zoom/aitor_luna.jpg ha sido subida.
21../fotos/alex-odogherty.jpg ha sido subida.
21../fotos/zoom/aitor_luna.jpg ha sido subida.
21../fotos/alex-gonzalez.jpg ha sido subida.
21../fotos/zoom/aitor_luna.jpg ha sido subida.
21../fotos/aitana-sanchezgijon.jpg ha sido subida.
21../fotos/zoom/aitana-sanchezgijon.jpg ha sido subida.
21../fotos/alex-gonzalez.jpg ha sido subida.
21../fotos/zoom/aitana-sanchezgijon.jpg ha sido subida.
21../fotos/alex-odogherty.jpg ha sido subida.
21../fotos/zoom/aitor_luna.jpg ha sido subida.
21../fotos/zoom/aitor_luna.jpg ha sido subida.
21../fotos/aitana-sanchezgijon.jpg ha sido subida.
21../fotos/zoom/aitana-sanchezgijon.jpg ha sido subida.
21../fotos/alex-gonzalez.jpg ha sido subida.
21../fotos/zoom/aitor_luna.jpg ha sido subida.
21../fotos/alex-gonzalez.jpg ha sido subida.
21../fotos/zoom/aitor_luna.jpg ha sido subida.
21../fotos/zoom/aitor_luna.jpg ha sido subida.
21../fotos/alex-odogherty.jpg ha sido subida.
21../fotos/zoom/aitana-sanchezgijon.jpg ha sido subida.
21../fotos/alex-gonzalez.jpg ha sido subida.
21../fotos/zoom/aitana-sanchezgijon.jpg ha sido subida.
21../fotos/alex-gonzalez.jpg ha sido subida.
21../fotos/zoom/aitana-sanchezgijon.jpg ha sido subida.
21../fotos/alex-gonzalez.jpg ha sido subida.
21../fotos/zoom/aitor_luna.jpg ha sido subida.
21../fotos/alex-odogherty.jpg ha sido subida.
21../fotos/zoom/aitana-sanchezgijon.jpg ha sido subida.
21../fotos/aitor_luna.jpg ha sido subida.
21../fotos/zoom/aitana-sanchezgijon.jpg ha sido subida.
21../fotos/alex-gonzalez.jpg ha sido subida.
21../fotos/zoom/aitana-sanchezgijon.jpg ha sido subida.
21../fotos/zoom/aitor_luna.jpg ha sido subida.
21../fotos/zoom/aitor_luna.jpg ha sido subida.
21../fotos/alex-odogherty.jpg ha sido subida.
21../fotos/zoom/aitor_luna.jpg ha sido subida.
21../fotos/alex-gonzalez.jpg ha sido subida.
21../fotos/zoom/aitor_luna.jpg ha sido subida.
21../fotos/alex-odogherty.jpg ha sido subida.
21../fotos/zoom/aitor_luna.jpg ha sido subida.
21../fotos/ana-belen.jpg ha sido subida.
21../fotos/zoom/aitor_luna.jpg ha sido subida.
21../fotos/alex-odogherty.jpg ha sido subida.
21../fotos/zoom/aitor_luna.jpg ha sido subida.
21../fotos/alex-odogherty.jpg ha sido subida.
21../fotos/zoom/aitor_luna.jpg ha sido subida.
21../fotos/ana-belen.jpg ha sido subida.
21../fotos/zoom/aitor_luna.jpg ha sido subida.
21../fotos/alex-odogherty.jpg ha sido subida.
21../fotos/zoom/aitor_luna.jpg ha sido subida.
21../fotos/ana-belen.jpg ha sido subida.
22../fotos/antonio-resines.jpg ha sido subida.
22../fotos/antonio-resines.jpg ha sido subida.
22../fotos/antonio-resines.jpg ha sido subida.
22../fotos/antonio-resines.jpg ha sido subida.
22../fotos/aitor_luna.jpg ha sido subida.
22../fotos/.jpg ha sido subida.
22../fotos/.jpg ha sido subida.
22../fotos/.jpg ha sido subida.
22../fotos/pruebas_varias.jpg ha sido subida.
22../fotos/zoom/pruebas_varias.jpg ha sido subida.
22../fotos/zoom/pruebas_varias.jpg ha sido subida.
22../fotos/pruebas_varias.jpg ha sido subida.
22../fotos/zoom/pruebas_varias.jpg ha sido subida.
22../fotos/pruebas_varias.jpg ha sido subida.
22../fotos/zoom/ee_aa.jpg ha sido subida.
22../fotos/ee_aa.jpg ha sido subida.
22../fotos/zoom/ee_aaaaa.jpg ha sido subida.
22../fotos/ee_aaaaa.jpg ha sido subida.
23../fotos/zoom/vamos_ver.jpg ha sido subida.
23../fotos/vamos_ver.jpg ha sido subida.
23../fotos/zoom/prueba_1.jpg ha sido subida.
23../fotos/prueba_1.jpg ha sido subida.
23../fotos/zoom/prueba_2.jpg ha sido subida.
23../fotos/prueba_2.jpg ha sido subida.
23../fotos/si_funciona.jpg ha sido subida.
23../fotos/si_funciona.jpg ha sido subida.
23../fotos/si_funciona.jpg ha sido subida.
23../fotos/zoom/si_funciona.jpg ha sido subida.
23../fotos/zoom/si_funciona.jpg ha sido subida.
23../fotos/zoom/si_funciona.jpg ha sido subida.
23../fotos/zoom/.jpg ha sido subida.
23../fotos/zoom/.jpg ha sido subida.
23../fotos/zoom/.jpg ha sido subida.
23../fotos/.jpg ha sido subida.
23../fotos/zoom/vamos_verdddddddd.jpg ha sido subida.
23../fotos/zoom/vamos_verdddddddd.jpg ha sido subida.
23../fotos/zoom/pruebas_antonio_goya_2015.jpg ha sido subida.
23../fotos/pruebas_antonio_goya_2015.jpg ha sido subida.
23../fotos/zoom/algo_nuevo_goya_2015.jpg ha sido subida.
23../fotos/algo_nuevo_goya_2015.jpg ha sido subida.
23../fotos/zoom/antonio_banderas_goya_2015.jpg ha sido subida.
23../fotos/antonio_banderas_goya_2015.jpg ha sido subida.
23../fotos/zoom/antonio-banderas-goya-2015.jpg ha sido subida.
23../fotos/antonio-banderas-goya-2015.jpg ha sido subida.
23../fotos/zoom/antonio-banderas-goya-2015.jpg ha sido subida.
23../fotos/antonio-banderas-goya-2015.jpg ha sido subida.
23../fotos/zoom/antonio-banderas-goya-2015.jpg ha sido subida.
23../fotos/antonio-banderas-goya-2015.jpg ha sido subida.
23../fotos/zoom/antonio-banderas-goya-2015.jpg ha sido subida.
23../fotos/antonio-banderas-goya-2015.jpg ha sido subida.
23../fotos/zoom/-goya-2015.jpg ha sido subida.
23../fotos/zoom/pruebas-varias-goya-2015.jpg ha sido subida.
23../fotos/pruebas-varias-goya-2015.jpg ha sido subida.
23../fotos/zoom/asdfa-goya-2015.jpg ha sido subida.
23../fotos/zoom/-goya-2015.jpg ha sido subida.
26../fotos/zoom/nuevo-actor-goya-2015.jpg ha sido subida.
26../fotos/nuevo-actor-goya-2015.jpg ha sido subida.
27272727272727272727272727272727272727272727272727../fotos/zoom/jennifer-lopez-goya-2015.jpg ha sido subida.
27../fotos/jennifer-lopez-goya-2015.jpg ha sido subida.
27../fotos/zoom/felicity-jones-goya-2015.jpg ha sido subida.
27../fotos/felicity-jones-goya-2015.jpg ha sido subida.
27../fotos/zoom/julianne-moore-goya-2015.jpg ha sido subida.
27../fotos/julianne-moore-goya-2015.jpg ha sido subida.
27../fotos/zoom/amy-adams-goya-2015.jpg ha sido subida.
27../fotos/amy-adams-goya-2015.jpg ha sido subida.
27../fotos/zoom/jennifer-lopez-goya-2015.jpg ha sido subida.
27../fotos/zoom/jennifer-de-la-lopez-goya-2015.jpg ha sido subida.
27../fotos/zoom/jennifer-de-la-lopez-goya-2015.jpg ha sido subida.
27../fotos/zoom/-goya-2015.jpg ha sido subida.
27../fotos/zoom/-goya-2015.jpg ha sido subida.
27../fotos/zoom/-goya-2015.jpg ha sido subida.
27../fotos/zoom/-goya-2015.jpg ha sido subida.
27../fotos/zoom/jennifer-lopez-goya-2015.jpg ha sido subida.
27../fotos/zoom/jennifer-lopez-goya-2015.jpg ha sido subida.
27../fotos/zoom/jennifer-lopez-goya-2015.jpg ha sido subida.
27../fotos/zoom/jennifer-lopez-goya-2015.jpg ha sido subida.
27../fotos/zoom/jennifer-lopez-goya-2015.jpg ha sido subida.
27../fotos/zoom/felicit jones-goya-2015.jpg ha sido subida.
27../fotos/zoom/jennifer-lopez-goya-2015.jpg ha sido subida.
27../fotos/zoom/felicit jones-goya-2015.jpg ha sido subida.
27../fotos/zoom/felicit-jones-goya-2015.jpg ha sido subida.
27../fotos/zoom/felicit-jones-goya-2015.jpg ha sido subida.
27../fotos/zoom/felicit-jones-goya-2015.jpg ha sido subida.
27../fotos/zoom/jennifer lopez-goya-2015.jpg ha sido subida.
27../fotos/zoom/felicity jones-goya-2015.jpg ha sido subida.
27../fotos/zoom/jennifer lopez-goya-2015.jpg ha sido subida.
27../fotos/zoom/felicity jones-goya-2015.jpg ha sido subida.
27../fotos/zoom/jennifer-lopez-goya-2015.jpg ha sido subida.
27../fotos/zoom/felicity-jones-goya-2015.jpg ha sido subida.
27../fotos/zoom/jennifer-lopez-goya-2015.jpg ha sido subida.
27../fotos/zoom/sarah-hyland-goya-2015.jpg ha sido subida.
27../fotos/sarah-hyland-goya-2015.jpg ha sido subida.
27../fotos/zoom/claire-danes-goya-2015.jpg ha sido subida.
27../fotos/claire-danes-goya-2015.jpg ha sido subida.
272727../fotos/zoom/jennifer-anistonnnnnnn-goya-2015.jpg ha sido subida.
27../fotos/jennifer-anistonnnnnnn-goya-2015.jpg ha sido subida.
27../fotos/zoom/jennifer-aniston-goya-2015.jpg ha sido subida.
27../fotos/jennifer-aniston-goya-2015.jpg ha sido subida.
27../fotos/-goya-2015.jpg ha sido subida.
27../fotos/dale-nombre-goya-2015.jpg ha sido subida.
27../fotos/zoom/dale-nombre-goya-2015.jpg ha sido subida.
27../fotos/zoom/dale-otro-goya-2015.jpg ha sido subida.
27../fotos/dale-otro-goya-2015.jpg ha sido subida.
27../fotos/zoom/sarah-hyland-goya-2015.jpg ha sido subida.
27../fotos/sarah-hyland-goya-2015.jpg ha sido subida.
27../fotos/zoom/dale-nombre-goya-2015.jpg ha sido subida.
27../fotos/dale-nombre-goya-2015.jpg ha sido subida.
27../fotos/zoom/dale-otro-goya-2015.jpg ha sido subida.
27../fotos/dale-otro-goya-2015.jpg ha sido subida.
27../fotos/zoom/pruebas-varias-goya-2015.jpg ha sido subida.
27../fotos/pruebas-varias-goya-2015.jpg ha sido subida.
27../fotos/zoom/pruebas-va-goya-2015.jpg ha sido subida.
27../fotos/zoom/pruebas-var-goya-2015.jpg ha sido subida.
27../fotos/zoom/pruebas-varaaa-goya-2015.jpg ha sido subida.
27../fotos/pruebas-va-goya-2015.jpg ha sido subida.
27../fotos/zoom/pruebas-variasss-goya-2015.jpg ha sido subida.
27../fotos/pruebas-variasss-goya-2015.jpg ha sido subida.
28../fotos/zoom/sin-publicar-goya-2015.jpg ha sido subida.
28../fotos/sin-publicar-goya-2015.jpg ha sido subida.
28../fotos/zoom/sin-publicar-goya-2015.jpg ha sido subida.
28../fotos/sin-publicar-goya-2015.jpg ha sido subida.
28../fotos/zoom/sin-publicar-goya-2015.jpg ha sido subida.
28../fotos/sin-publicar-goya-2015.jpg ha sido subida.
